2016-07-24T15:52:57.043Z - error: uncaughtException: sendSms is not defined 
{ date: 'Sun Jul 24 2016 11:52:57 GMT-0400 (EDT)',
  process: 
   { pid: 13912,
     uid: 0,
     gid: 0,
     cwd: '/Users/nthang003c/node/TheIdeaClub',
     execPath: '/usr/local/bin/node',
     version: 'v0.12.0',
     argv: [ 'node', '/Users/nthang003c/node/TheIdeaClub/app.js' ],
     memoryUsage: { rss: 86691840, heapTotal: 66926080, heapUsed: 36171456 } },
  os: 
   { loadavg: [ 1.484375, 2.25732421875, 2.21435546875 ],
     uptime: 158582 },
  trace: 
   [ { column: 21,
       file: '/Users/nthang003c/node/TheIdeaClub/server/controller/userController.js',
       function: null,
       line: 94,
       method: null,
       native: false },
     { column: 14,
       file: '/Users/nthang003c/node/TheIdeaClub/node_modules/cassandra-driver/lib/utils.js',
       function: 'next',
       line: 616,
       method: null,
       native: false },
     { column: 5,
       file: '/Users/nthang003c/node/TheIdeaClub/node_modules/cassandra-driver/lib/request-handler.js',
       function: 'readCallback',
       line: 202,
       method: null,
       native: false },
     { column: 5,
       file: '/Users/nthang003c/node/TheIdeaClub/node_modules/cassandra-driver/lib/connection.js',
       function: 'Connection.invokeCallback',
       line: 584,
       method: 'invokeCallback',
       native: false },
     { column: 8,
       file: '/Users/nthang003c/node/TheIdeaClub/node_modules/cassandra-driver/lib/connection.js',
       function: 'Connection.handleResult',
       line: 522,
       method: 'handleResult',
       native: false },
     { column: 17,
       file: 'events.js',
       function: 'ResultEmitter.emit',
       line: 118,
       method: 'emit',
       native: false },
     { column: 15,
       file: '/Users/nthang003c/node/TheIdeaClub/node_modules/cassandra-driver/lib/streams.js',
       function: 'ResultEmitter.each',
       line: 501,
       method: 'each',
       native: false },
     { column: 10,
       file: '/Users/nthang003c/node/TheIdeaClub/node_modules/cassandra-driver/lib/streams.js',
       function: 'ResultEmitter._write',
       line: 466,
       method: '_write',
       native: false },
     { column: 12,
       file: '_stream_writable.js',
       function: 'doWrite',
       line: 301,
       method: null,
       native: false },
     { column: 5,
       file: '_stream_writable.js',
       function: 'writeOrBuffer',
       line: 288,
       method: null,
       native: false },
     { column: 11,
       file: '_stream_writable.js',
       function: 'ResultEmitter.Writable.write',
       line: 217,
       method: 'Writable.write',
       native: false },
     { column: 20,
       file: '_stream_readable.js',
       function: 'Parser.ondata',
       line: 540,
       method: 'ondata',
       native: false },
     { column: 17,
       file: 'events.js',
       function: 'Parser.emit',
       line: 107,
       method: 'emit',
       native: false },
     { column: 16,
       file: '_stream_readable.js',
       function: 'readableAddChunk',
       line: 163,
       method: null,
       native: false },
     { column: 10,
       file: '_stream_readable.js',
       function: 'Parser.Readable.push',
       line: 126,
       method: 'Readable.push',
       native: false },
     { column: 32,
       file: '_stream_transform.js',
       function: 'Parser.Transform.push',
       line: 140,
       method: 'Transform.push',
       native: false } ],
  stack: 
   [ 'ReferenceError: sendSms is not defined',
     '    at /Users/nthang003c/node/TheIdeaClub/server/controller/userController.js:94:21',
     '    at next (/Users/nthang003c/node/TheIdeaClub/node_modules/cassandra-driver/lib/utils.js:616:14)',
     '    at readCallback (/Users/nthang003c/node/TheIdeaClub/node_modules/cassandra-driver/lib/request-handler.js:202:5)',
     '    at Connection.invokeCallback (/Users/nthang003c/node/TheIdeaClub/node_modules/cassandra-driver/lib/connection.js:584:5)',
     '    at Connection.handleResult (/Users/nthang003c/node/TheIdeaClub/node_modules/cassandra-driver/lib/connection.js:522:8)',
     '    at ResultEmitter.emit (events.js:118:17)',
     '    at ResultEmitter.each (/Users/nthang003c/node/TheIdeaClub/node_modules/cassandra-driver/lib/streams.js:501:15)',
     '    at ResultEmitter._write (/Users/nthang003c/node/TheIdeaClub/node_modules/cassandra-driver/lib/streams.js:466:10)',
     '    at doWrite (_stream_writable.js:301:12)',
     '    at writeOrBuffer (_stream_writable.js:288:5)',
     '    at ResultEmitter.Writable.write (_stream_writable.js:217:11)',
     '    at Parser.ondata (_stream_readable.js:540:20)',
     '    at Parser.emit (events.js:107:17)',
     '    at readableAddChunk (_stream_readable.js:163:16)',
     '    at Parser.Readable.push (_stream_readable.js:126:10)',
     '    at Parser.Transform.push (_stream_transform.js:140:32)' ] }
2016-07-24T15:54:00.089Z - error: uncaughtException: Cannot read property 'create' of undefined 
{ date: 'Sun Jul 24 2016 11:54:00 GMT-0400 (EDT)',
  process: 
   { pid: 13916,
     uid: 0,
     gid: 0,
     cwd: '/Users/nthang003c/node/TheIdeaClub',
     execPath: '/usr/local/bin/node',
     version: 'v0.12.0',
     argv: [ 'node', '/Users/nthang003c/node/TheIdeaClub/app.js' ],
     memoryUsage: { rss: 86245376, heapTotal: 66926080, heapUsed: 36233216 } },
  os: 
   { loadavg: [ 1.7705078125, 2.2119140625, 2.201171875 ],
     uptime: 158645 },
  trace: 
   [ { column: 18,
       file: '/Users/nthang003c/node/TheIdeaClub/server/controller/userController.js',
       function: 'sendSms',
       line: 32,
       method: null,
       native: false },
     { column: 21,
       file: '/Users/nthang003c/node/TheIdeaClub/server/controller/userController.js',
       function: null,
       line: 94,
       method: null,
       native: false },
     { column: 14,
       file: '/Users/nthang003c/node/TheIdeaClub/node_modules/cassandra-driver/lib/utils.js',
       function: 'next',
       line: 616,
       method: null,
       native: false },
     { column: 5,
       file: '/Users/nthang003c/node/TheIdeaClub/node_modules/cassandra-driver/lib/request-handler.js',
       function: 'readCallback',
       line: 202,
       method: null,
       native: false },
     { column: 5,
       file: '/Users/nthang003c/node/TheIdeaClub/node_modules/cassandra-driver/lib/connection.js',
       function: 'Connection.invokeCallback',
       line: 584,
       method: 'invokeCallback',
       native: false },
     { column: 8,
       file: '/Users/nthang003c/node/TheIdeaClub/node_modules/cassandra-driver/lib/connection.js',
       function: 'Connection.handleResult',
       line: 522,
       method: 'handleResult',
       native: false },
     { column: 17,
       file: 'events.js',
       function: 'ResultEmitter.emit',
       line: 118,
       method: 'emit',
       native: false },
     { column: 15,
       file: '/Users/nthang003c/node/TheIdeaClub/node_modules/cassandra-driver/lib/streams.js',
       function: 'ResultEmitter.each',
       line: 501,
       method: 'each',
       native: false },
     { column: 10,
       file: '/Users/nthang003c/node/TheIdeaClub/node_modules/cassandra-driver/lib/streams.js',
       function: 'ResultEmitter._write',
       line: 466,
       method: '_write',
       native: false },
     { column: 12,
       file: '_stream_writable.js',
       function: 'doWrite',
       line: 301,
       method: null,
       native: false },
     { column: 5,
       file: '_stream_writable.js',
       function: 'writeOrBuffer',
       line: 288,
       method: null,
       native: false },
     { column: 11,
       file: '_stream_writable.js',
       function: 'ResultEmitter.Writable.write',
       line: 217,
       method: 'Writable.write',
       native: false },
     { column: 20,
       file: '_stream_readable.js',
       function: 'Parser.ondata',
       line: 540,
       method: 'ondata',
       native: false },
     { column: 17,
       file: 'events.js',
       function: 'Parser.emit',
       line: 107,
       method: 'emit',
       native: false },
     { column: 16,
       file: '_stream_readable.js',
       function: 'readableAddChunk',
       line: 163,
       method: null,
       native: false },
     { column: 10,
       file: '_stream_readable.js',
       function: 'Parser.Readable.push',
       line: 126,
       method: 'Readable.push',
       native: false } ],
  stack: 
   [ 'TypeError: Cannot read property \'create\' of undefined',
     '    at sendSms (/Users/nthang003c/node/TheIdeaClub/server/controller/userController.js:32:18)',
     '    at /Users/nthang003c/node/TheIdeaClub/server/controller/userController.js:94:21',
     '    at next (/Users/nthang003c/node/TheIdeaClub/node_modules/cassandra-driver/lib/utils.js:616:14)',
     '    at readCallback (/Users/nthang003c/node/TheIdeaClub/node_modules/cassandra-driver/lib/request-handler.js:202:5)',
     '    at Connection.invokeCallback (/Users/nthang003c/node/TheIdeaClub/node_modules/cassandra-driver/lib/connection.js:584:5)',
     '    at Connection.handleResult (/Users/nthang003c/node/TheIdeaClub/node_modules/cassandra-driver/lib/connection.js:522:8)',
     '    at ResultEmitter.emit (events.js:118:17)',
     '    at ResultEmitter.each (/Users/nthang003c/node/TheIdeaClub/node_modules/cassandra-driver/lib/streams.js:501:15)',
     '    at ResultEmitter._write (/Users/nthang003c/node/TheIdeaClub/node_modules/cassandra-driver/lib/streams.js:466:10)',
     '    at doWrite (_stream_writable.js:301:12)',
     '    at writeOrBuffer (_stream_writable.js:288:5)',
     '    at ResultEmitter.Writable.write (_stream_writable.js:217:11)',
     '    at Parser.ondata (_stream_readable.js:540:20)',
     '    at Parser.emit (events.js:107:17)',
     '    at readableAddChunk (_stream_readable.js:163:16)',
     '    at Parser.Readable.push (_stream_readable.js:126:10)' ] }
2016-07-24T15:55:03.692Z - debug: Request headers :{"host":"localhost:3000","content-type":"application/json","connection":"keep-alive","accept":"*/*","user-agent":"CocoaRestClient/19 CFNetwork/760.5.1 Darwin/15.5.0 (x86_64)","accept-language":"en-us","accept-encoding":"gzip, deflate","content-length":"147"}
2016-07-24T15:55:03.693Z - audit: resourceRequest=localhost/rest/ideaClub/user/neppoliyant@gmail.com, httpStatusCode=200, protocol=http, httpMethod=POST, deviceType=19 CFNetwork, deviceModel=760.5.1 Darwin, osVersion=15.5.0 (x86_64), clientVersion=undefined, clientOs=CocoaRestClient, deviceId=null, userId=neppoliyant@gmail.com, responseData[[object Object]]
2016-07-24T15:56:37.368Z - debug: Request headers :{"host":"localhost:3000","content-type":"application/json","connection":"keep-alive","accept":"*/*","user-agent":"CocoaRestClient/19 CFNetwork/760.5.1 Darwin/15.5.0 (x86_64)","accept-language":"en-us","accept-encoding":"gzip, deflate","content-length":"147"}
2016-07-24T15:56:37.369Z - audit: resourceRequest=localhost/rest/ideaClub/user/neppoliyant@gmail.com, httpStatusCode=200, protocol=http, httpMethod=POST, deviceType=19 CFNetwork, deviceModel=760.5.1 Darwin, osVersion=15.5.0 (x86_64), clientVersion=undefined, clientOs=CocoaRestClient, deviceId=null, userId=neppoliyant@gmail.com, responseData[[object Object]]
